[2015-02-15 12:01:37]	Cannot open file 
[2015-02-15 12:01:37]	D:\workspace\WordSegmentation\Data\KeyBlackList.pdat
[2015-02-15 12:01:37]	Failed Open file Failed Open file 
[2015-02-15 12:01:37]	Error read file
[2015-02-15 12:01:37]	D:\workspace\WordSegmentation\source\userdic.txt
[2015-02-15 12:01:37]	Error read file
[2015-02-15 12:01:37]	d:\1.txt
[2015-02-15 12:06:04]	Cannot open file 
[2015-02-15 12:06:04]	D:\workspace\WordSegmentation\Data\KeyBlackList.pdat
[2015-02-15 12:06:04]	Failed Open file Failed Open file 
[2015-02-15 12:06:04]	Error read file
[2015-02-15 12:06:04]	D:\workspace\WordSegmentation\source\userdic.txt
[2015-02-15 12:06:04]	Error read file
[2015-02-15 12:06:04]	d:\1.txt
[2015-02-15 12:07:52]	Cannot open file 
[2015-02-15 12:07:52]	D:\workspace\WordSegmentation\Data\KeyBlackList.pdat
[2015-02-15 12:07:52]	Failed Open file Failed Open file 
[2015-02-15 12:07:52]	Error read file
[2015-02-15 12:07:52]	D:\workspace\WordSegmentation\source\userdic.txt
[2015-02-15 12:07:52]	Error read file
[2015-02-15 12:07:52]	d:\1.txt
[2015-02-15 12:08:18]	Cannot open file 
[2015-02-15 12:08:18]	D:\workspace\WordSegmentation\Data\KeyBlackList.pdat
[2015-02-15 12:08:18]	Failed Open file Failed Open file 
[2015-02-15 12:08:18]	Error read file
[2015-02-15 12:08:18]	D:\workspace\WordSegmentation\source\userdic.txt
[2015-02-15 12:08:18]	Error read file
[2015-02-15 12:08:18]	d:\1.txt
[2015-02-15 12:10:18]	Cannot open file 
[2015-02-15 12:10:18]	D:\workspace\WordSegmentation\Data\KeyBlackList.pdat
[2015-02-15 12:10:18]	Failed Open file Failed Open file 
[2015-02-15 12:10:18]	Error read file
[2015-02-15 12:10:18]	D:\workspace\WordSegmentation\source\userdic.txt
[2015-02-15 12:11:56]	Cannot open file 
[2015-02-15 12:11:56]	D:\workspace\WordSegmentation\Data\KeyBlackList.pdat
[2015-02-15 12:11:56]	Failed Open file Failed Open file 
[2015-02-15 12:11:56]	Error read file
[2015-02-15 12:11:56]	D:\workspace\WordSegmentation\source\userdic.txt
[2015-02-15 14:14:41]	Cannot open file 
[2015-02-15 14:14:41]	D:\workspace\WordSegmentation\Data\KeyBlackList.pdat
[2015-02-15 14:14:41]	Failed Open file Failed Open file 
[2015-02-15 14:14:41]	Error read file
[2015-02-15 14:14:41]	D:\workspace\WordSegmentation\source\userdic.txt
[2015-02-15 14:45:50]	Cannot open file 
[2015-02-15 14:45:50]	D:\workspace\WordSegmentation\Data\KeyBlackList.pdat
[2015-02-15 14:47:23]	Cannot open file 
[2015-02-15 14:47:23]	D:\workspace\WordSegmentation\Data\KeyBlackList.pdat
[2015-02-15 15:07:45]	Cannot open file 
[2015-02-15 15:07:45]	D:\workspace\WordSegmentation\Data\KeyBlackList.pdat
[2015-02-15 15:08:28]	Cannot open file 
[2015-02-15 15:08:28]	D:\workspace\WordSegmentation\Data\KeyBlackList.pdat
[2015-02-15 15:16:47]	Cannot open file 
[2015-02-15 15:16:47]	D:\workspace\WordSegmentation\Data\KeyBlackList.pdat
[2015-02-15 17:18:41]	Cannot open file 
[2015-02-15 17:18:41]	D:\workspace\WordSegmentation\Data\KeyBlackList.pdat
